Cache sync 1 at Sat Jul 18 17:44:37 UTC 2026
Cache sync 2 at Sat Jul 18 17:44:37 UTC 2026
Cache sync 3 at Sat Jul 18 17:44:37 UTC 2026
Cache sync 4 at Sat Jul 18 17:44:37 UTC 2026
Cache sync 5 at Sat Jul 18 17:44:37 UTC 2026
Cache sync 6 at Sat Jul 18 17:44:37 UTC 2026
Cache sync 7 at Sat Jul 18 17:44:37 UTC 2026
Cache sync 8 at Sat Jul 18 17:44:37 UTC 2026
Cache sync 9 at Sat Jul 18 17:44:37 UTC 2026
Cache sync 10 at Sat Jul 18 17:44:37 UTC 2026
Cache sync 11 at Sat Jul 18 17:44:37 UTC 2026
Cache sync 12 at Sat Jul 18 17:44:37 UTC 2026
Cache sync 13 at Sat Jul 18 17:44:37 UTC 2026
Cache sync 14 at Sat Jul 18 17:44:37 UTC 2026
Cache sync 15 at Sat Jul 18 17:44:37 UTC 2026
Cache sync 16 at Sat Jul 18 17:44:37 UTC 2026
Cache sync 17 at Sat Jul 18 17:44:37 UTC 2026
Cache sync 18 at Sat Jul 18 17:44:37 UTC 2026
Cache sync 19 at Sat Jul 18 17:44:37 UTC 2026
Cache sync 20 at Sat Jul 18 17:44:37 UTC 2026
Cache sync 21 at Sat Jul 18 17:44:37 UTC 2026
Cache sync 22 at Sat Jul 18 17:44:37 UTC 2026
Cache sync 23 at Sat Jul 18 17:44:37 UTC 2026
Cache sync 24 at Sat Jul 18 17:44:37 UTC 2026
Cache sync 25 at Sat Jul 18 17:44:37 UTC 2026
Cache sync 26 at Sat Jul 18 17:44:37 UTC 2026
Cache sync 27 at Sat Jul 18 17:44:37 UTC 2026
Cache sync 28 at Sat Jul 18 17:44:37 UTC 2026
Cache sync 29 at Sat Jul 18 17:44:37 UTC 2026
Cache sync 30 at Sat Jul 18 17:44:37 UTC 2026
Cache sync 31 at Sat Jul 18 17:44:37 UTC 2026
Cache sync 32 at Sat Jul 18 17:44:37 UTC 2026
Cache sync 33 at Sat Jul 18 17:44:37 UTC 2026
Cache sync 34 at Sat Jul 18 17:44:37 UTC 2026
Cache sync 35 at Sat Jul 18 17:44:37 UTC 2026
Cache sync 36 at Sat Jul 18 17:44:37 UTC 2026
Cache sync 37 at Sat Jul 18 17:44:37 UTC 2026
Cache sync 38 at Sat Jul 18 17:44:37 UTC 2026
Cache sync 39 at Sat Jul 18 17:44:38 UTC 2026
Cache sync 40 at Sat Jul 18 17:44:38 UTC 2026
Cache sync 41 at Sat Jul 18 17:44:38 UTC 2026
Cache sync 42 at Sat Jul 18 17:44:38 UTC 2026
Cache sync 43 at Sat Jul 18 17:44:38 UTC 2026
Cache sync 44 at Sat Jul 18 17:44:38 UTC 2026
Cache sync 45 at Sat Jul 18 17:44:38 UTC 2026
Cache sync 46 at Sat Jul 18 17:44:38 UTC 2026
Cache sync 47 at Sat Jul 18 17:44:38 UTC 2026
Cache sync 48 at Sat Jul 18 17:44:38 UTC 2026
Cache sync 49 at Sat Jul 18 17:44:38 UTC 2026
Cache sync 50 at Sat Jul 18 17:44:38 UTC 2026
Cache sync 51 at Sat Jul 18 17:44:38 UTC 2026
Cache sync 52 at Sat Jul 18 17:44:38 UTC 2026
Cache sync 53 at Sat Jul 18 17:44:38 UTC 2026
Cache sync 54 at Sat Jul 18 17:44:38 UTC 2026
Cache sync 55 at Sat Jul 18 17:44:38 UTC 2026
Cache sync 56 at Sat Jul 18 17:44:38 UTC 2026
Cache sync 57 at Sat Jul 18 17:44:38 UTC 2026
Cache sync 58 at Sat Jul 18 17:44:38 UTC 2026
Cache sync 59 at Sat Jul 18 17:44:38 UTC 2026
Cache sync 60 at Sat Jul 18 17:44:38 UTC 2026
Cache sync 61 at Sat Jul 18 17:44:38 UTC 2026
Cache sync 62 at Sat Jul 18 17:44:38 UTC 2026
Cache sync 63 at Sat Jul 18 17:44:38 UTC 2026
Cache sync 64 at Sat Jul 18 17:44:38 UTC 2026
Cache sync 65 at Sat Jul 18 17:44:38 UTC 2026
Cache sync 66 at Sat Jul 18 17:44:38 UTC 2026
Cache sync 1 at Sun Jul 19 17:45:36 UTC 2026
Cache sync 2 at Sun Jul 19 17:45:36 UTC 2026
Cache sync 3 at Sun Jul 19 17:45:36 UTC 2026
Cache sync 4 at Sun Jul 19 17:45:36 UTC 2026
Cache sync 5 at Sun Jul 19 17:45:36 UTC 2026
Cache sync 6 at Sun Jul 19 17:45:36 UTC 2026
Cache sync 7 at Sun Jul 19 17:45:36 UTC 2026
Cache sync 8 at Sun Jul 19 17:45:36 UTC 2026
Cache sync 9 at Sun Jul 19 17:45:36 UTC 2026
Cache sync 10 at Sun Jul 19 17:45:36 UTC 2026
Cache sync 11 at Sun Jul 19 17:45:36 UTC 2026
Cache sync 12 at Sun Jul 19 17:45:36 UTC 2026
Cache sync 13 at Sun Jul 19 17:45:36 UTC 2026
Cache sync 14 at Sun Jul 19 17:45:36 UTC 2026
Cache sync 15 at Sun Jul 19 17:45:36 UTC 2026
Cache sync 16 at Sun Jul 19 17:45:36 UTC 2026
Cache sync 17 at Sun Jul 19 17:45:36 UTC 2026
Cache sync 18 at Sun Jul 19 17:45:36 UTC 2026
Cache sync 19 at Sun Jul 19 17:45:36 UTC 2026
Cache sync 20 at Sun Jul 19 17:45:36 UTC 2026
Cache sync 21 at Sun Jul 19 17:45:36 UTC 2026
Cache sync 22 at Sun Jul 19 17:45:36 UTC 2026
Cache sync 23 at Sun Jul 19 17:45:36 UTC 2026
Cache sync 24 at Sun Jul 19 17:45:36 UTC 2026
Cache sync 25 at Sun Jul 19 17:45:36 UTC 2026
Cache sync 26 at Sun Jul 19 17:45:36 UTC 2026
Cache sync 27 at Sun Jul 19 17:45:36 UTC 2026
Cache sync 28 at Sun Jul 19 17:45:36 UTC 2026
Cache sync 29 at Sun Jul 19 17:45:36 UTC 2026
Cache sync 30 at Sun Jul 19 17:45:36 UTC 2026
Cache sync 31 at Sun Jul 19 17:45:36 UTC 2026
Cache sync 32 at Sun Jul 19 17:45:36 UTC 2026
Cache sync 33 at Sun Jul 19 17:45:36 UTC 2026
Cache sync 34 at Sun Jul 19 17:45:36 UTC 2026
Cache sync 35 at Sun Jul 19 17:45:36 UTC 2026
Cache sync 36 at Sun Jul 19 17:45:36 UTC 2026
Cache sync 37 at Sun Jul 19 17:45:36 UTC 2026
Cache sync 38 at Sun Jul 19 17:45:36 UTC 2026
Cache sync 39 at Sun Jul 19 17:45:37 UTC 2026
Cache sync 40 at Sun Jul 19 17:45:37 UTC 2026
Cache sync 41 at Sun Jul 19 17:45:37 UTC 2026
Cache sync 42 at Sun Jul 19 17:45:37 UTC 2026
Cache sync 43 at Sun Jul 19 17:45:37 UTC 2026
Cache sync 44 at Sun Jul 19 17:45:37 UTC 2026
Cache sync 45 at Sun Jul 19 17:45:37 UTC 2026
Cache sync 46 at Sun Jul 19 17:45:37 UTC 2026
Cache sync 47 at Sun Jul 19 17:45:37 UTC 2026
Cache sync 48 at Sun Jul 19 17:45:37 UTC 2026
Cache sync 49 at Sun Jul 19 17:45:37 UTC 2026
Cache sync 50 at Sun Jul 19 17:45:37 UTC 2026
Cache sync 51 at Sun Jul 19 17:45:37 UTC 2026
Cache sync 52 at Sun Jul 19 17:45:37 UTC 2026
Cache sync 53 at Sun Jul 19 17:45:37 UTC 2026
Cache sync 54 at Sun Jul 19 17:45:37 UTC 2026
Cache sync 55 at Sun Jul 19 17:45:37 UTC 2026
Cache sync 56 at Sun Jul 19 17:45:37 UTC 2026
Cache sync 57 at Sun Jul 19 17:45:37 UTC 2026
Cache sync 1 at Mon Jul 20 18:47:35 UTC 2026
Cache sync 2 at Mon Jul 20 18:47:35 UTC 2026
Cache sync 3 at Mon Jul 20 18:47:35 UTC 2026
Cache sync 4 at Mon Jul 20 18:47:35 UTC 2026
Cache sync 5 at Mon Jul 20 18:47:35 UTC 2026
Cache sync 6 at Mon Jul 20 18:47:35 UTC 2026
Cache sync 7 at Mon Jul 20 18:47:35 UTC 2026
Cache sync 1 at Tue Jul 21 18:06:11 UTC 2026
Cache sync 2 at Tue Jul 21 18:06:11 UTC 2026
Cache sync 3 at Tue Jul 21 18:06:11 UTC 2026
Cache sync 4 at Tue Jul 21 18:06:11 UTC 2026
Cache sync 5 at Tue Jul 21 18:06:11 UTC 2026
Cache sync 6 at Tue Jul 21 18:06:11 UTC 2026
Cache sync 7 at Tue Jul 21 18:06:11 UTC 2026
Cache sync 8 at Tue Jul 21 18:06:11 UTC 2026
Cache sync 9 at Tue Jul 21 18:06:11 UTC 2026
Cache sync 10 at Tue Jul 21 18:06:11 UTC 2026
Cache sync 11 at Tue Jul 21 18:06:11 UTC 2026
Cache sync 12 at Tue Jul 21 18:06:11 UTC 2026
Cache sync 13 at Tue Jul 21 18:06:11 UTC 2026
Cache sync 14 at Tue Jul 21 18:06:11 UTC 2026
Cache sync 15 at Tue Jul 21 18:06:11 UTC 2026
Cache sync 16 at Tue Jul 21 18:06:11 UTC 2026
Cache sync 17 at Tue Jul 21 18:06:11 UTC 2026
Cache sync 18 at Tue Jul 21 18:06:11 UTC 2026
Cache sync 19 at Tue Jul 21 18:06:11 UTC 2026
Cache sync 20 at Tue Jul 21 18:06:11 UTC 2026
Cache sync 21 at Tue Jul 21 18:06:11 UTC 2026
Cache sync 22 at Tue Jul 21 18:06:11 UTC 2026
Cache sync 23 at Tue Jul 21 18:06:11 UTC 2026
Cache sync 24 at Tue Jul 21 18:06:11 UTC 2026
Cache sync 25 at Tue Jul 21 18:06:11 UTC 2026
Cache sync 26 at Tue Jul 21 18:06:11 UTC 2026
Cache sync 27 at Tue Jul 21 18:06:11 UTC 2026
Cache sync 28 at Tue Jul 21 18:06:11 UTC 2026
Cache sync 29 at Tue Jul 21 18:06:11 UTC 2026
Cache sync 30 at Tue Jul 21 18:06:11 UTC 2026
Cache sync 31 at Tue Jul 21 18:06:11 UTC 2026
Cache sync 32 at Tue Jul 21 18:06:11 UTC 2026
Cache sync 33 at Tue Jul 21 18:06:11 UTC 2026
Cache sync 1 at Wed Jul 22 17:59:29 UTC 2026
Cache sync 2 at Wed Jul 22 17:59:29 UTC 2026
Cache sync 3 at Wed Jul 22 17:59:29 UTC 2026
Cache sync 4 at Wed Jul 22 17:59:29 UTC 2026
Cache sync 5 at Wed Jul 22 17:59:29 UTC 2026
Cache sync 6 at Wed Jul 22 17:59:29 UTC 2026
Cache sync 7 at Wed Jul 22 17:59:29 UTC 2026
Cache sync 8 at Wed Jul 22 17:59:29 UTC 2026
Cache sync 9 at Wed Jul 22 17:59:29 UTC 2026
Cache sync 10 at Wed Jul 22 17:59:29 UTC 2026
Cache sync 11 at Wed Jul 22 17:59:29 UTC 2026
Cache sync 12 at Wed Jul 22 17:59:29 UTC 2026
Cache sync 13 at Wed Jul 22 17:59:29 UTC 2026
Cache sync 14 at Wed Jul 22 17:59:29 UTC 2026
Cache sync 15 at Wed Jul 22 17:59:29 UTC 2026
Cache sync 16 at Wed Jul 22 17:59:29 UTC 2026
Cache sync 17 at Wed Jul 22 17:59:29 UTC 2026
Cache sync 18 at Wed Jul 22 17:59:29 UTC 2026
Cache sync 19 at Wed Jul 22 17:59:29 UTC 2026
Cache sync 20 at Wed Jul 22 17:59:29 UTC 2026
Cache sync 21 at Wed Jul 22 17:59:29 UTC 2026
Cache sync 22 at Wed Jul 22 17:59:29 UTC 2026
Cache sync 1 at Thu Jul 23 18:05:17 UTC 2026
Cache sync 2 at Thu Jul 23 18:05:17 UTC 2026
Cache sync 3 at Thu Jul 23 18:05:17 UTC 2026
Cache sync 4 at Thu Jul 23 18:05:17 UTC 2026
Cache sync 5 at Thu Jul 23 18:05:17 UTC 2026
Cache sync 6 at Thu Jul 23 18:05:17 UTC 2026
Cache sync 7 at Thu Jul 23 18:05:17 UTC 2026
Cache sync 8 at Thu Jul 23 18:05:17 UTC 2026
Cache sync 9 at Thu Jul 23 18:05:17 UTC 2026
Cache sync 10 at Thu Jul 23 18:05:17 UTC 2026
Cache sync 11 at Thu Jul 23 18:05:17 UTC 2026
Cache sync 12 at Thu Jul 23 18:05:17 UTC 2026
Cache sync 13 at Thu Jul 23 18:05:17 UTC 2026
Cache sync 14 at Thu Jul 23 18:05:17 UTC 2026
Cache sync 15 at Thu Jul 23 18:05:17 UTC 2026
Cache sync 16 at Thu Jul 23 18:05:17 UTC 2026
Cache sync 17 at Thu Jul 23 18:05:17 UTC 2026
Cache sync 18 at Thu Jul 23 18:05:17 UTC 2026
Cache sync 19 at Thu Jul 23 18:05:17 UTC 2026
Cache sync 20 at Thu Jul 23 18:05:17 UTC 2026
Cache sync 21 at Thu Jul 23 18:05:17 UTC 2026
Cache sync 22 at Thu Jul 23 18:05:17 UTC 2026
